<?xml version="1.0" encoding="UTF-8"?>
<!-- Generated by org.testng.reporters.JUnitXMLReporter -->
<testsuite ignored="3" hostname="LAPTOP-SRCJA9U0" failures="0" tests="1" name="SmokeTest" time="55.43" errors="0" timestamp="2024-04-07T15:50:10 IST">
  <testcase classname="testcases.LoginTestCase" name="successfulLogin" time="34.532"/>
  <testcase classname="testcases.PIMAddEmployeeTest" name="addEmplyee" time="0.0">
    <ignored/>
  </testcase> <!-- addEmplyee -->
  <testcase classname="testcases.NewAdminUserCreationTest" name="createAdminUser" time="0.0">
    <ignored/>
  </testcase> <!-- createAdminUser -->
  <testcase classname="testcases.LoginTestCase" name="LoginwithInvalidpassword" time="0.0">
    <ignored/>
  </testcase> <!-- LoginwithInvalidpassword -->
</testsuite> <!-- SmokeTest -->
