<?xml version="1.0" encoding="UTF-8"?>
<testng-results ignored="0" total="2" passed="2" failed="0" skipped="0">
  <reporter-output>
  </reporter-output>
  <suite started-at="2024-04-08T20:47:06 IST" name="Suite" finished-at="2024-04-08T20:48:59 IST" duration-ms="112805">
    <groups>
      <group name="Sanity">
        <method signature="LoginTestCase.successfulLogin()[pri:1, instance:testcases.LoginTestCase@6580cfdd]" name="successfulLogin" class="testcases.LoginTestCase"/>
        <method signature="LoginTestCase.LoginwithInvalidpassword()[pri:2, instance:testcases.LoginTestCase@6580cfdd]" name="LoginwithInvalidpassword" class="testcases.LoginTestCase"/>
      </group> <!-- Sanity -->
      <group name="Regression">
        <method signature="LoginTestCase.successfulLogin()[pri:1, instance:testcases.LoginTestCase@6580cfdd]" name="successfulLogin" class="testcases.LoginTestCase"/>
      </group> <!-- Regression -->
      <group name="Smoke">
        <method signature="LoginTestCase.successfulLogin()[pri:1, instance:testcases.LoginTestCase@6580cfdd]" name="successfulLogin" class="testcases.LoginTestCase"/>
      </group> <!-- Smoke -->
    </groups>
    <test started-at="2024-04-08T20:47:06 IST" name="Test" finished-at="2024-04-08T20:48:59 IST" duration-ms="112805">
      <class name="testcases.LoginTestCase">
        <test-method is-config="true" signature="setUp(java.lang.String)[pri:0, instance:testcases.LoginTestCase@6580cfdd]" started-at="2024-04-08T20:47:06 IST" name="setUp" finished-at="2024-04-08T20:47:26 IST" duration-ms="20102" status="PASS">
          <params>
            <param index="0">
              <value>
                <![CDATA[Chrome]]>
              </value>
            </param>
          </params>
          <reporter-output>
          </reporter-output>
        </test-method> <!-- setUp -->
        <test-method signature="successfulLogin()[pri:1, instance:testcases.LoginTestCase@6580cfdd]" started-at="2024-04-08T20:47:26 IST" name="successfulLogin" finished-at="2024-04-08T20:47:29 IST" duration-ms="2756" status="PASS">
          <reporter-output>
          </reporter-output>
        </test-method> <!-- successfulLogin -->
        <test-method is-config="true" signature="tearDown()[pri:0, instance:testcases.LoginTestCase@6580cfdd]" started-at="2024-04-08T20:47:29 IST" name="tearDown" finished-at="2024-04-08T20:47:30 IST" duration-ms="420" status="PASS">
          <reporter-output>
          </reporter-output>
        </test-method> <!-- tearDown -->
        <test-method is-config="true" signature="setUp(java.lang.String)[pri:0, instance:testcases.LoginTestCase@6580cfdd]" started-at="2024-04-08T20:47:30 IST" name="setUp" finished-at="2024-04-08T20:48:56 IST" duration-ms="86027" status="PASS">
          <params>
            <param index="0">
              <value>
                <![CDATA[Chrome]]>
              </value>
            </param>
          </params>
          <reporter-output>
          </reporter-output>
        </test-method> <!-- setUp -->
        <test-method signature="LoginwithInvalidpassword()[pri:2, instance:testcases.LoginTestCase@6580cfdd]" started-at="2024-04-08T20:48:56 IST" name="LoginwithInvalidpassword" finished-at="2024-04-08T20:48:58 IST" duration-ms="2667" status="PASS">
          <reporter-output>
          </reporter-output>
        </test-method> <!-- LoginwithInvalidpassword -->
        <test-method is-config="true" signature="tearDown()[pri:0, instance:testcases.LoginTestCase@6580cfdd]" started-at="2024-04-08T20:48:58 IST" name="tearDown" finished-at="2024-04-08T20:48:59 IST" duration-ms="272" status="PASS">
          <reporter-output>
          </reporter-output>
        </test-method> <!-- tearDown -->
      </class> <!-- testcases.LoginTestCase -->
    </test> <!-- Test -->
  </suite> <!-- Suite -->
</testng-results>
