<?xml version="1.0" encoding="UTF-8"?>
<testng-results ignored="0" total="2" passed="2" failed="0" skipped="0">
  <reporter-output>
  </reporter-output>
  <suite started-at="2024-04-11T12:36:17 IST" name="Suite" finished-at="2024-04-11T12:36:56 IST" duration-ms="38616">
    <groups>
      <group name="Sanity">
        <method signature="LoginTestCase.successfulLogin(java.lang.String,java.lang.String)[pri:1, instance:testcases.LoginTestCase@54bff557]" name="successfulLogin" class="testcases.LoginTestCase"/>
        <method signature="LoginTestCase.LoginwithInvalidpassword()[pri:2, instance:testcases.LoginTestCase@54bff557]" name="LoginwithInvalidpassword" class="testcases.LoginTestCase"/>
      </group> <!-- Sanity -->
      <group name="Regression">
        <method signature="LoginTestCase.successfulLogin(java.lang.String,java.lang.String)[pri:1, instance:testcases.LoginTestCase@54bff557]" name="successfulLogin" class="testcases.LoginTestCase"/>
      </group> <!-- Regression -->
      <group name="Smoke">
        <method signature="LoginTestCase.successfulLogin(java.lang.String,java.lang.String)[pri:1, instance:testcases.LoginTestCase@54bff557]" name="successfulLogin" class="testcases.LoginTestCase"/>
      </group> <!-- Smoke -->
    </groups>
    <test started-at="2024-04-11T12:36:17 IST" name="Test" finished-at="2024-04-11T12:36:56 IST" duration-ms="38616">
      <class name="testcases.LoginTestCase">
        <test-method is-config="true" signature="setUp(java.lang.String)[pri:0, instance:testcases.LoginTestCase@54bff557]" started-at="2024-04-11T12:36:20 IST" name="setUp" finished-at="2024-04-11T12:36:37 IST" duration-ms="17320" status="PASS">
          <params>
            <param index="0">
              <value>
                <![CDATA[Chrome]]>
              </value>
            </param>
          </params>
          <reporter-output>
          </reporter-output>
        </test-method> <!-- setUp -->
        <test-method signature="successfulLogin(java.lang.String,java.lang.String)[pri:1, instance:testcases.LoginTestCase@54bff557]" started-at="2024-04-11T12:36:37 IST" name="successfulLogin" data-provider="LoginData" finished-at="2024-04-11T12:36:41 IST" duration-ms="3672" status="PASS">
          <params>
            <param index="0">
              <value>
                <![CDATA[Admin]]>
              </value>
            </param>
            <param index="1">
              <value>
                <![CDATA[admin123]]>
              </value>
            </param>
          </params>
          <reporter-output>
          </reporter-output>
        </test-method> <!-- successfulLogin -->
        <test-method is-config="true" signature="tearDown()[pri:0, instance:testcases.LoginTestCase@54bff557]" started-at="2024-04-11T12:36:41 IST" name="tearDown" finished-at="2024-04-11T12:36:42 IST" duration-ms="1015" status="PASS">
          <reporter-output>
          </reporter-output>
        </test-method> <!-- tearDown -->
        <test-method is-config="true" signature="setUp(java.lang.String)[pri:0, instance:testcases.LoginTestCase@54bff557]" started-at="2024-04-11T12:36:42 IST" name="setUp" finished-at="2024-04-11T12:36:52 IST" duration-ms="10409" status="PASS">
          <params>
            <param index="0">
              <value>
                <![CDATA[Chrome]]>
              </value>
            </param>
          </params>
          <reporter-output>
          </reporter-output>
        </test-method> <!-- setUp -->
        <test-method signature="LoginwithInvalidpassword()[pri:2, instance:testcases.LoginTestCase@54bff557]" started-at="2024-04-11T12:36:52 IST" name="LoginwithInvalidpassword" finished-at="2024-04-11T12:36:55 IST" duration-ms="3110" status="PASS">
          <reporter-output>
          </reporter-output>
        </test-method> <!-- LoginwithInvalidpassword -->
        <test-method is-config="true" signature="tearDown()[pri:0, instance:testcases.LoginTestCase@54bff557]" started-at="2024-04-11T12:36:55 IST" name="tearDown" finished-at="2024-04-11T12:36:56 IST" duration-ms="597" status="PASS">
          <reporter-output>
          </reporter-output>
        </test-method> <!-- tearDown -->
      </class> <!-- testcases.LoginTestCase -->
    </test> <!-- Test -->
  </suite> <!-- Suite -->
</testng-results>
